Android/FirstAndroidApp/mediaPickerManusLib/build/intermediates/manifest_merge_blame_file/debug/processDebugManifest/manifest-merger-blame-debug-report.txt
1<?xml version="1.0" encoding="utf-8"?>
2<manifest xmlns:android="http://schemas.android.com/apk/res/android"
3    package="com.example.mediapicker" >
4
5    <uses-sdk android:minSdkVersion="24" />
6
7    <!-- READ_EXTERNAL_STORAGE is needed for API < 33(TIRAMISU) to read from gallery -->
8    <!-- after that Photo Picker handles the permissions. -->
9    <uses-permission
9-->src/main/AndroidManifest.xml:7:5-9:38
10        android:name="android.permission.READ_EXTERNAL_STORAGE"
10-->src/main/AndroidManifest.xml:8:9-64
11        android:maxSdkVersion="32" />
11-->src/main/AndroidManifest.xml:9:9-35
12
13    <!-- Permission required for capturing with the camera -->
14    <uses-permission android:name="android.permission.CAMERA" />
14-->src/main/AndroidManifest.xml:12:5-65
14-->src/main/AndroidManifest.xml:12:22-62
15
16    <application>
16-->src/main/AndroidManifest.xml:14:5-25:19
17
18        <!-- Provider for saving captured images/videos. -->
19        <provider
19-->src/main/AndroidManifest.xml:16:9-24:20
20            android:name="androidx.core.content.FileProvider"
20-->src/main/AndroidManifest.xml:17:13-62
21            android:authorities="${applicationId}.fileprovider"
21-->src/main/AndroidManifest.xml:18:13-64
22            android:exported="false"
22-->src/main/AndroidManifest.xml:19:13-37
23            android:grantUriPermissions="true" >
23-->src/main/AndroidManifest.xml:20:13-47
24            <meta-data
24-->src/main/AndroidManifest.xml:21:13-23:54
25                android:name="android.support.FILE_PROVIDER_PATHS"
25-->src/main/AndroidManifest.xml:22:17-67
26                android:resource="@xml/file_paths" />
26-->src/main/AndroidManifest.xml:23:17-51
27        </provider>
28    </application>
29
30</manifest>